Network size	Joining time (ms)
1	795
2	740
3	595
4	580
5	589
6	1357
7	788
8	1149
9	1064
10	826
11	1355
12	974
13	767
14	1100
15	1116
16	1491
17	960
18	528
19	1456
20	924
21	718
22	995
23	1268
24	923
25	701
26	1048
27	1029
28	549
29	1839
30	1141
31	891
32	637
33	629
34	1318
35	992
36	1472
37	1487
38	1114
39	857
40	1554
41	1116
42	1045
43	2056
44	1570
45	775
46	748
47	952
48	982
49	1413
50	1457
51	1583
52	867
53	1574
54	1468
55	1436
56	1267
57	1377
58	1504
59	878
60	779
61	1868
62	1565
63	1059
64	863
65	1281
66	1242
67	750
68	2438
69	1528
70	1881
71	351
72	1327
73	1600
74	1200
75	1424
76	1932
77	1259
78	1586
79	2023
80	1361
81	832
82	1195
83	1382
84	666
85	1526
86	878
87	1298
88	1411
89	1016
90	1184
91	1643
92	1375
93	1597
94	1844
95	1249
96	822
97	1547
98	1598
99	1653
100	1349
101	1694
102	1994
103	1173
104	1771
105	1218
106	1711
107	1060
108	926
109	916
110	1482
111	1308
112	1413
113	1627
114	1160
115	1451
116	1350
117	1580
118	1532
119	1521
120	648
121	1158
122	2081
123	2016
124	1182
125	2113
126	1264
127	819
128	530
129	1208
130	888
131	1543
132	2675
133	1833
134	1902
135	1088
136	1196
137	1189
138	950
139	1289
140	1626
141	2638
142	1067
143	1319
144	1814
145	1565
146	1186
147	618
148	1151
149	1926
150	1348
151	1507
152	1395
153	1154
154	1456
155	1278
156	1283
157	739
158	439
159	1279
160	1794
161	2124
162	1191
163	1801
164	1707
165	1621
166	1052
167	1826
168	1371
169	1394
170	1728
171	993
172	1225
173	1259
174	2105
175	1767
176	1613
177	993
178	1826
179	1517
180	1851
181	972
182	1298
183	1731
184	1693
185	1152
186	1666
187	1657
188	1030
189	1630
190	1495
191	1611
192	1221
193	963
194	1390
195	1122
196	2083
197	1309
198	1419
199	861
200	2170
201	840
202	1145
203	1616
204	1539
205	1637
206	1827
207	1025
208	1669
209	963
210	867
211	1166
212	1191
213	1158
214	1291
215	1786
216	1311
217	1239
218	2300
219	998
220	853
221	1022
222	1798
223	1645
224	1266
225	908
226	1145
227	1716
228	1237
229	1140
230	1625
231	1628
232	1858
233	1446
234	1684
235	1234
236	2287
237	1424
238	1142
239	1366
240	850
241	1592
242	738
243	1721
244	1708
245	2064
246	1596
247	2118
248	1604
249	2205
250	1608
251	1742
252	1825
253	2476
254	1795
255	2214
256	1250
257	1889
258	2385
259	895
260	1716
261	2336
262	2833
263	1146
264	1530
265	1499
266	855
267	1390
268	1665
269	1532
270	1472
271	2429
272	1505
273	1130
274	1734
275	1714
276	916
277	1193
278	1870
279	1747
280	1715
281	1133
282	1125
283	733
284	883
285	1547
286	1156
287	1339
288	1612
289	1527
290	827
291	1899
292	2050
293	2027
294	478
295	1416
296	1408
297	709
298	1154
299	1071
300	1450
301	726
302	2095
303	1590
304	1673
305	1045
306	1284
307	1698
308	1030
309	2671
310	2063
311	1069
312	1424
313	1179
314	1575
315	1053
316	1991
317	648
318	1756
319	1312
320	1590
321	1278
322	1670
323	1792
324	2111
325	1382
326	729
327	2267
328	1955
329	1322
330	1298
331	1374
332	1561
333	2201
334	1519
335	2015
336	1867
337	1078
338	1453
339	1567
340	1254
341	2359
342	2142
343	1451
344	1499
345	1691
346	1309
347	1249
348	1821
349	2093
350	1459
351	615
352	886
353	1845
354	1451
355	975
356	1480
357	877
358	1666
359	1074
360	1061
361	1072
362	1295
363	1071
364	1153
365	1379
366	1119
367	622
368	1081
369	1688
370	1590
371	1603
372	581
373	918
374	1977
375	1482
376	1627
377	1936
378	1247
379	1173
380	993
381	1278
382	1509
383	1195
384	1667
385	1009
386	1058
387	1164
388	2241
389	1805
390	1985
391	2176
392	1787
393	1387
394	1698
395	638
396	2100
397	2273
398	1309
399	1240
400	1368
401	1635
402	2230
403	1991
404	1957
405	892
406	1496
407	2217
408	1278
409	1033
410	2543
411	1365
412	2020
413	1181
414	1874
415	2559
416	932
417	1444
418	1955
419	947
420	1597
421	1211
422	1855
423	1462
424	2038
425	2025
426	1227
427	1756
428	1320
429	1496
430	1835
431	1132
432	947
433	1103
434	1768
435	1302
436	1846
437	1837
438	1443
439	1190
440	1051
441	1352
442	1498
443	1417
444	1274
445	1561
446	1330
447	1892
448	1742
449	1571
450	1881
451	1163
452	1125
453	1463
454	1649
455	1389
456	1680
457	1396
458	1112
459	853
460	995
461	2316
462	1799
463	1463
464	1597
465	1139
466	1306
467	1616
468	1688
469	2103
470	1109
471	1605
472	1614
473	2263
474	802
475	1943
476	1555
477	1531
478	2618
479	1478
480	1328
481	1186
482	1926
483	1023
484	2412
485	1780
486	1042
487	1953
488	1169
489	1047
490	1039
491	1740
492	1026
493	1037
494	1555
495	1125
496	1121
497	1129
498	1327
499	1212
500	1931
501	2068
502	1418
503	2160
504	1937
505	1647
506	1292
507	962
508	1421
509	1683
510	1089
511	2218
512	1833
513	987
514	1522
515	986
516	1968
517	1538
518	1930
519	1352
520	2108
521	917
522	1069
523	760
524	1551
525	1226
526	1333
527	1330
528	1576
529	1137
530	1331
531	1238
532	1720
533	1884
534	533
535	1643
536	1307
537	1789
538	2011
539	1058
540	1482
541	748
542	1726
543	1502
544	1657
545	1768
546	1940
547	1620
548	1272
549	1405
550	1313
551	1437
552	1369
553	1769
554	932
555	2092
556	1739
557	1569
558	1146
559	1254
560	1765
561	1425
562	1191
563	1332
564	875
565	1250
566	2040
567	1385
568	1318
569	2177
570	1331
571	974
572	1793
573	1457
574	1271
575	805
576	1691
577	1529
578	1303
579	895
580	2110
581	969
582	1147
583	1749
584	1390
585	1656
586	1352
587	2355
588	1344
589	1469
590	1183
591	2003
592	857
593	1433
594	1700
595	2050
596	1953
597	1012
598	2026
599	1332
600	1165
601	1171
602	1167
603	1447
604	2370
605	923
606	2388
607	1726
608	1699
609	1504
610	1823
611	1914
612	1877
613	1224
614	1183
615	1191
616	1896
617	1963
618	952
619	1405
620	978
621	1947
622	1254
623	3626
624	1452
625	1431
626	1653
627	1475
628	1374
629	1562
630	1392
631	1721
632	992
633	1614
634	2633
635	2077
636	908
637	1712
638	1792
639	1372
640	2054
641	1256
642	1188
643	1701
644	2227
645	1588
646	1712
647	1947
648	1079
649	2210
650	2133
651	1472
652	845
653	1329
654	1649
655	1564
656	1015
657	1772
658	1354
659	880
660	1883
661	1441
662	933
663	1535
664	2218
665	657
666	1601
667	814
668	2022
669	2003
670	1605
671	1463
672	2392
673	1485
674	1361
675	1332
676	1385
677	2975
678	1720
679	1915
680	1472
681	1700
682	1490
683	980
684	1547
685	1445
686	623
687	1511
688	1625
689	788
690	881
691	1551
692	2146
693	1538
694	1978
695	1860
696	1685
697	1598
698	1673
699	1448
700	1957
701	1980
702	1578
703	1053
704	1851
705	1076
706	1996
707	1454
708	1621
709	2312
710	1939
711	1797
712	1547
713	1245
714	1030
715	1297
716	1207
717	2515
718	1285
719	1854
720	1177
721	1552
722	3139
723	1484
724	827
725	845
726	1707
727	1986
728	1762
729	1690
730	1573
731	1141
732	987
733	1169
734	2156
735	1423
736	1135
737	1558
738	1718
739	1100
740	1421
741	1974
742	1014
743	1672
744	1786
745	1812
746	557
747	1605
748	1853
749	1188
750	1850
751	2114
752	1959
753	1729
754	1707
755	2316
756	1408
757	1290
758	1140
759	1056
760	1178
761	1294
762	1470
763	921
764	1645
765	1525
766	1835
767	782
768	1658
769	1617
770	1211
771	2399
772	1958
773	1172
774	1719
775	1550
776	1384
777	2056
778	945
779	921
780	1237
781	1865
782	1526
783	1693
784	1697
785	1058
786	2451
787	1464
788	1439
789	1600
790	1359
791	1586
792	1669
793	1801
794	1205
795	1391
796	1288
797	1167
798	1618
799	1415
800	1180
801	1760
802	981
803	1236
804	1434
805	1443
806	2430
807	1721
808	980
809	1676
810	988
811	1849
812	1496
813	757
814	1520
815	1870
816	1694
817	2305
818	1091
819	1823
820	1362
821	1103
822	1036
823	1123
824	1694
825	1294
826	1386
827	1233
828	1347
829	1108
830	1574
831	1417
832	2223
833	2058
834	1047
835	1408
836	1109
837	1092
838	1821
839	1245
840	1727
841	1617
842	1604
843	2252
844	1575
845	1505
846	939
847	2441
848	1310
849	1249
850	1306
851	1796
852	962
853	1211
854	1325
855	1620
856	2324
857	1501
858	1503
859	2014
860	1703
861	1832
862	1342
863	760
864	2129
865	1502
866	1522
867	1720
868	1822
869	1139
870	1439
871	1255
872	1093
873	1588
874	1817
875	3096
876	1058
877	1147
878	2529
879	1117
880	2283
881	2697
882	1425
883	1448
884	1673
885	1774
886	747
887	1976
888	1388
889	1021
890	1639
891	985
892	2098
893	1427
894	836
895	1568
896	1301
897	1758
898	1636
899	2252
900	1638
901	1909
902	962
903	2093
904	1861
905	1541
906	1540
907	1581
908	2169
909	679
910	1341
911	1708
912	1110
913	1521
914	1311
915	1490
916	2272
917	1930
918	1786
919	1587
920	1342
921	876
922	2649
923	978
924	1653
925	2203
926	1302
927	1010
928	2162
929	1452
930	1759
931	913
932	2248
933	2699
934	1800
935	1306
936	2024
937	2001
938	1416
939	1835
940	2310
941	1634
942	1514
943	1815
944	2087
945	1332
946	1497
947	1287
948	1672
949	1432
950	973
951	1584
952	1268
953	1748
954	2022
955	975
956	1730
957	1768
958	1750
959	2134
960	1370
961	2081
962	727
963	1653
964	1861
965	2021
966	1850
967	2299
968	1737
969	1667
970	1598
971	1625
972	2090
973	1910
974	1173
975	1573
976	2197
977	1304
978	1073
979	2908
980	1396
981	1373
982	1829
983	2410
984	1605
985	1655
986	2893
987	2235
988	1653
989	1400
990	1178
991	881
992	2015
993	1567
994	1689
995	1768
996	1728
997	1545
998	1281
999	1968
1000	1109
